<?xml version="1.0" encoding="UTF-8"?>
<!-- Generated by org.testng.reporters.JUnitReportReporter -->
<testsuite skipped="0" hostname="lenovo-PC" name="NGO.NgoDataTest" tests="1" failures="0" timestamp="10 Sep 2020 03:25:38 GMT" time="495.249" errors="0">
  <testcase name="writeToExcel" time="495.249" classname="NGO.NgoDataTest"/>
</testsuite> <!-- NGO.NgoDataTest -->
