<?xml version="1.0" encoding="UTF-8"?>
<!-- Generated by org.testng.reporters.JUnitReportReporter -->
<testsuite skipped="0" hostname="lenovo-PC" name="NGO.NGODataTest" tests="1" failures="0" timestamp="09 Sep 2020 19:42:32 GMT" time="937.649" errors="0">
  <testcase name="f" time="937.649" classname="NGO.NGODataTest"/>
</testsuite> <!-- NGO.NGODataTest -->
