<?xml version="1.0" encoding="UTF-8"?>
<!-- Generated by org.testng.reporters.JUnitReportReporter -->
<testsuite hostname="lenovo-PC" name="NGO.AppTest" tests="1" failures="0" timestamp="9 Sep 2020 19:09:00 GMT" time="0.006" errors="0">
  <testcase name="testApp" time="0.006" classname="NGO.AppTest"/>
</testsuite> <!-- NGO.AppTest -->
